<?xml version="1.0" encoding="UTF-8"?>
<testsuite errors="0" failures="0" name="modelo.modelo_tests.TestMonolitico-20160213175714" tests="7" time="0.105">
	<testcase classname="modelo.modelo_tests.TestMonolitico" name="test1_save_try" time="0.040"/>
	<testcase classname="modelo.modelo_tests.TestMonolitico" name="test2_save_except" time="0.007"/>
	<testcase classname="modelo.modelo_tests.TestMonolitico" name="test3_find" time="0.015"/>
	<testcase classname="modelo.modelo_tests.TestMonolitico" name="test4_dlt" time="0.033"/>
	<testcase classname="modelo.modelo_tests.TestMonolitico" name="test4_dlt_except" time="0.001"/>
	<testcase classname="modelo.modelo_tests.TestMonolitico" name="test5_notfind" time="0.008"/>
	<testcase classname="modelo.modelo_tests.TestMonolitico" name="test6_repr" time="0.001"/>
	<system-out>
<![CDATA[]]>	</system-out>
	<system-err>
<![CDATA[]]>	</system-err>
</testsuite>
