<?xml version="1.0" encoding="UTF-8"?>
<testsuite errors="0" failures="0" name="modelo.modelo_tests.TestDeposito-20160213192327" tests="1" time="0.054">
	<testcase classname="modelo.modelo_tests.TestDeposito" name="test1_save_try" time="0.054"/>
	<system-out>
<![CDATA[]]>	</system-out>
	<system-err>
<![CDATA[]]>	</system-err>
</testsuite>
