<?xml version="1.0" encoding="UTF-8"?>
<testsuite errors="0" failures="0" name="modelo.modelo_tests.TestStock-20160214125855" tests="3" time="0.032">
	<testcase classname="modelo.modelo_tests.TestStock" name="test100_repr" time="0.001"/>
	<testcase classname="modelo.modelo_tests.TestStock" name="test1_save" time="0.021"/>
	<testcase classname="modelo.modelo_tests.TestStock" name="test2_save" time="0.010"/>
	<system-out>
<![CDATA[]]>	</system-out>
	<system-err>
<![CDATA[]]>	</system-err>
</testsuite>
