<?xml version="1.0" encoding="UTF-8"?>
<testsuite errors="0" failures="0" name="modelo.modelo_tests.TestDeposito-20160213195405" tests="3" time="0.063">
	<testcase classname="modelo.modelo_tests.TestDeposito" name="test1_save_try" time="0.034"/>
	<testcase classname="modelo.modelo_tests.TestDeposito" name="test2_save_except" time="0.011"/>
	<testcase classname="modelo.modelo_tests.TestDeposito" name="test3_find" time="0.017"/>
	<system-out>
<![CDATA[]]>	</system-out>
	<system-err>
<![CDATA[]]>	</system-err>
</testsuite>
