<?xml version="1.0" encoding="UTF-8"?>
<testsuite errors="0" failures="0" name="modelo.modelo_tests.TestArticulo-20160228155420" tests="4" time="0.018">
	<testcase classname="modelo.modelo_tests.TestArticulo" name="test_0_repr" time="0.010"/>
	<testcase classname="modelo.modelo_tests.TestArticulo" name="test_1_find" time="0.002"/>
	<testcase classname="modelo.modelo_tests.TestArticulo" name="test_2_save" time="0.003"/>
	<testcase classname="modelo.modelo_tests.TestArticulo" name="test_3_setalto" time="0.002"/>
	<system-out>
<![CDATA[]]>	</system-out>
	<system-err>
<![CDATA[]]>	</system-err>
</testsuite>
