<?xml version="1.0" encoding="UTF-8"?>
<testsuite errors="0" failures="0" name="modelo.modelo_tests.TestDeposito-20160213193216" tests="2" time="0.031">
	<testcase classname="modelo.modelo_tests.TestDeposito" name="test1_save_try" time="0.023"/>
	<testcase classname="modelo.modelo_tests.TestDeposito" name="test2_save_except" time="0.008"/>
	<system-out>
<![CDATA[]]>	</system-out>
	<system-err>
<![CDATA[]]>	</system-err>
</testsuite>
