<?xml version="1.0" encoding="UTF-8"?>
<testsuite errors="0" failures="0" name="modelo.modelo_tests.TestMonolitico-20160213163854" tests="2" time="0.009">
	<testcase classname="modelo.modelo_tests.TestMonolitico" name="testnotfind" time="0.009"/>
	<testcase classname="modelo.modelo_tests.TestMonolitico" name="testrepr" time="0.001"/>
	<system-out>
<![CDATA[]]>	</system-out>
	<system-err>
<![CDATA[]]>	</system-err>
</testsuite>
