<?xml version="1.0" encoding="UTF-8"?>
<testsuite errors="0" failures="0" name="modelo.modelo_tests.TestDeposito-20160214160134" tests="7" time="0.111">
	<testcase classname="modelo.modelo_tests.TestDeposito" name="test1_save_try" time="0.031"/>
	<testcase classname="modelo.modelo_tests.TestDeposito" name="test2_save_except" time="0.009"/>
	<testcase classname="modelo.modelo_tests.TestDeposito" name="test3_find" time="0.017"/>
	<testcase classname="modelo.modelo_tests.TestDeposito" name="test3_notfind" time="0.010"/>
	<testcase classname="modelo.modelo_tests.TestDeposito" name="test4_dlt" time="0.040"/>
	<testcase classname="modelo.modelo_tests.TestDeposito" name="test4_dlt_except" time="0.002"/>
	<testcase classname="modelo.modelo_tests.TestDeposito" name="test5_repr" time="0.001"/>
	<system-out>
<![CDATA[]]>	</system-out>
	<system-err>
<![CDATA[]]>	</system-err>
</testsuite>
