<?xml version="1.0" encoding="UTF-8"?>
<testsuite errors="0" failures="0" name="modelo.modelo_tests.TestFindMethods-20160209183929" tests="3" time="0.080">
	<testcase classname="modelo.modelo_tests.TestFindMethods" name="testfind" time="0.014"/>
	<testcase classname="modelo.modelo_tests.TestFindMethods" name="testrepr" time="0.001"/>
	<testcase classname="modelo.modelo_tests.TestFindMethods" name="testsave" time="0.065"/>
	<system-out>
<![CDATA[Error en Select.
No se encontro
]]>	</system-out>
	<system-err>
<![CDATA[]]>	</system-err>
</testsuite>
