<?xml version="1.0" encoding="UTF-8"?>
<testsuite errors="0" failures="0" name="modelo.modelo_tests.TestMonolitico-20160213164021" tests="5" time="0.096">
	<testcase classname="modelo.modelo_tests.TestMonolitico" name="test1_save" time="0.039"/>
	<testcase classname="modelo.modelo_tests.TestMonolitico" name="test2_find" time="0.013"/>
	<testcase classname="modelo.modelo_tests.TestMonolitico" name="test3_dlt" time="0.029"/>
	<testcase classname="modelo.modelo_tests.TestMonolitico" name="test4_notfind" time="0.016"/>
	<testcase classname="modelo.modelo_tests.TestMonolitico" name="testrepr" time="0.001"/>
	<system-out>
<![CDATA[]]>	</system-out>
	<system-err>
<![CDATA[]]>	</system-err>
</testsuite>
