<?xml version="1.0" encoding="UTF-8"?>
<testsuite errors="0" failures="0" name="modelo.modelo_tests.TestMonolitico-20160213174204" tests="5" time="0.086">
	<testcase classname="modelo.modelo_tests.TestMonolitico" name="test1_save_try" time="0.038"/>
	<testcase classname="modelo.modelo_tests.TestMonolitico" name="test3_find" time="0.009"/>
	<testcase classname="modelo.modelo_tests.TestMonolitico" name="test4_dlt" time="0.021"/>
	<testcase classname="modelo.modelo_tests.TestMonolitico" name="test5_notfind" time="0.018"/>
	<testcase classname="modelo.modelo_tests.TestMonolitico" name="test6_repr" time="0.001"/>
	<system-out>
<![CDATA[]]>	</system-out>
	<system-err>
<![CDATA[]]>	</system-err>
</testsuite>
