<?xml version="1.0" encoding="UTF-8"?>
<testsuite errors="0" failures="0" name="modelo.modelo_tests.TestFindMethods-20160209213700" tests="3" time="0.162">
	<testcase classname="modelo.modelo_tests.TestFindMethods" name="testfind" time="0.024"/>
	<testcase classname="modelo.modelo_tests.TestFindMethods" name="testrepr" time="0.089"/>
	<testcase classname="modelo.modelo_tests.TestFindMethods" name="testsave" time="0.049"/>
	<system-out>
<![CDATA[No se encontro
Articulo('n', 'n')
El Articulo se elimino correctamente.
]]>	</system-out>
	<system-err>
<![CDATA[]]>	</system-err>
</testsuite>
