<?xml version="1.0" encoding="UTF-8"?>
<testsuite errors="3" failures="0" name="modelo.modelo_tests.TestDeposito-20160213200943" tests="7" time="0.061">
	<testcase classname="modelo.modelo_tests.TestDeposito" name="test1_save_try" time="0.020"/>
	<testcase classname="modelo.modelo_tests.TestDeposito" name="test2_save_except" time="0.008"/>
	<testcase classname="modelo.modelo_tests.TestDeposito" name="test3_find" time="0.013"/>
	<testcase classname="modelo.modelo_tests.TestDeposito" name="test3_notfind" time="0.008"/>
	<testcase classname="modelo.modelo_tests.TestDeposito" name="test4_dlt" time="0.003">
		<error message="'Deposito' object has no attribute 'dlt'" type="AttributeError">
<![CDATA[Traceback (most recent call last):
  File "/home/sebastian/proyectos/SiGeSt/src/unittest/python/modelo/modelo_tests.py", line 91, in test4_dlt
    self.assertEqual(self.depMock.dlt(), "El Deposito se elimino " +
AttributeError: 'Deposito' object has no attribute 'dlt'
]]>		</error>
	</testcase>
	<testcase classname="modelo.modelo_tests.TestDeposito" name="test4_dlt_except" time="0.002">
		<error message="'Deposito' object has no attribute 'dlt'" type="AttributeError">
<![CDATA[Traceback (most recent call last):
  File "/home/sebastian/proyectos/SiGeSt/src/unittest/python/modelo/modelo_tests.py", line 96, in test4_dlt_except
    result = self.depMockExcept.dlt()
AttributeError: 'Deposito' object has no attribute 'dlt'
]]>		</error>
	</testcase>
	<testcase classname="modelo.modelo_tests.TestDeposito" name="test6_repr" time="0.007">
		<error message="Instance &lt;Deposito at 0xb5ce9bac&gt; is not bound to a Session; attribute refresh operation cannot proceed" type="DetachedInstanceError">
<![CDATA[Traceback (most recent call last):
  File "/home/sebastian/proyectos/SiGeSt/src/unittest/python/modelo/modelo_tests.py", line 100, in test6_repr
    expected ='Deposito(%r, %r)'%(self.depMock.id, self.depMock.descripcion)
  File "/usr/lib/python3.5/site-packages/sqlalchemy/orm/attributes.py", line 237, in __get__
    return self.impl.get(instance_state(instance), dict_)
  File "/usr/lib/python3.5/site-packages/sqlalchemy/orm/attributes.py", line 578, in get
    value = state._load_expired(state, passive)
  File "/usr/lib/python3.5/site-packages/sqlalchemy/orm/state.py", line 474, in _load_expired
    self.manager.deferred_scalar_loader(self, toload)
  File "/usr/lib/python3.5/site-packages/sqlalchemy/orm/loading.py", line 610, in load_scalar_attributes
    (state_str(state)))
sqlalchemy.orm.exc.DetachedInstanceError: Instance <Deposito at 0xb5ce9bac> is not bound to a Session; attribute refresh operation cannot proceed
]]>		</error>
	</testcase>
	<system-out>
<![CDATA[]]>	</system-out>
	<system-err>
<![CDATA[]]>	</system-err>
</testsuite>
